{"name": "Unsuccessful login with invalid credentials", "status": "broken", "statusDetails": {"message": "selenium.common.exceptions.TimeoutException: Message: \nStacktrace:\n0   chromedriver                        0x000000010095ee00 cxxbridge1$str$ptr + 2742224\n1   chromedriver                        0x0000000100956d00 cxxbridge1$str$ptr + 2709200\n2   chromedriver                        0x00000001004a10b8 cxxbridge1$string$len + 90520\n3   chromedriver                        0x00000001004e85d8 cxxbridge1$string$len + 382648\n4   chromedriver                        0x0000000100529980 cxxbridge1$string$len + 649824\n5   chromedriver                        0x00000001004dc8f4 cxxbridge1$string$len + 334292\n6   chromedriver                        0x0000000100922478 cxxbridge1$str$ptr + 2494024\n7   chromedriver                        0x00000001009256a4 cxxbridge1$str$ptr + 2506868\n8   chromedriver                        0x00000001009033b0 cxxbridge1$str$ptr + 2366848\n9   chromedriver                        0x0000000100925f4c cxxbridge1$str$ptr + 2509084\n10  chromedriver                        0x00000001008f44a8 cxxbridge1$str$ptr + 2305656\n11  chromedriver                        0x0000000100945644 cxxbridge1$str$ptr + 2637844\n12  chromedriver                        0x00000001009457d0 cxxbridge1$str$ptr + 2638240\n13  chromedriver                        0x000000010095694c cxxbridge1$str$ptr + 2708252\n14  libsystem_pthread.dylib             0x00000001947c2c0c _pthread_start + 136\n15  libsystem_pthread.dylib             0x00000001947bdb80 thread_start + 8\n\n", "trace": "  File \"/Library/Frameworks/Python.framework/Versions/3.11/lib/python3.11/site-packages/behave/model.py\", line 1329, in run\n    match.run(runner.context)\n  File \"/Library/Frameworks/Python.framework/Versions/3.11/lib/python3.11/site-packages/behave/matchers.py\", line 98, in run\n    self.func(context, *args, **kwargs)\n  File \"features/steps/login_steps.py\", line 69, in invalid_login_data\n    context.login_page.login(\"dhivyainbox@gmail.com\", \"$Floering\")\n  File \"/Users/dhiviya/Documents/BEHAVE/BDD_POM_ZEN_Task18/pages/login_page.py\", line 43, in login\n    self.find_element(self.DASHBOARD)\n  File \"/Users/dhiviya/Documents/BEHAVE/BDD_POM_ZEN_Task18/pages/base_page.py\", line 22, in find_element\n    return WebDriverWait(self.driver, timeout).until(EC.visibility_of_element_located(locator))\n           ^^^^^^^^^^^^^^^^^^^^^^^^^^^^^^^^^^^^^^^^^^^^^^^^^^^^^^^^^^^^^^^^^^^^^^^^^^^^^^^^^^^^\n  File \"/Library/Frameworks/Python.framework/Versions/3.11/lib/python3.11/site-packages/selenium/webdriver/support/wait.py\", line 146, in until\n    raise TimeoutException(message, screen, stacktrace)\n"}, "steps": [{"name": "Given I am on the login page", "status": "passed", "start": 1757315041165, "stop": 1757315042907}, {"name": "When I enter an invalid username and password", "status": "broken", "statusDetails": {"message": "selenium.common.exceptions.TimeoutException: Message: \nStacktrace:\n0   chromedriver                        0x000000010095ee00 cxxbridge1$str$ptr + 2742224\n1   chromedriver                        0x0000000100956d00 cxxbridge1$str$ptr + 2709200\n2   chromedriver                        0x00000001004a10b8 cxxbridge1$string$len + 90520\n3   chromedriver                        0x00000001004e85d8 cxxbridge1$string$len + 382648\n4   chromedriver                        0x0000000100529980 cxxbridge1$string$len + 649824\n5   chromedriver                        0x00000001004dc8f4 cxxbridge1$string$len + 334292\n6   chromedriver                        0x0000000100922478 cxxbridge1$str$ptr + 2494024\n7   chromedriver                        0x00000001009256a4 cxxbridge1$str$ptr + 2506868\n8   chromedriver                        0x00000001009033b0 cxxbridge1$str$ptr + 2366848\n9   chromedriver                        0x0000000100925f4c cxxbridge1$str$ptr + 2509084\n10  chromedriver                        0x00000001008f44a8 cxxbridge1$str$ptr + 2305656\n11  chromedriver                        0x0000000100945644 cxxbridge1$str$ptr + 2637844\n12  chromedriver                        0x00000001009457d0 cxxbridge1$str$ptr + 2638240\n13  chromedriver                        0x000000010095694c cxxbridge1$str$ptr + 2708252\n14  libsystem_pthread.dylib             0x00000001947c2c0c _pthread_start + 136\n15  libsystem_pthread.dylib             0x00000001947bdb80 thread_start + 8\n\n", "trace": "  File \"/Library/Frameworks/Python.framework/Versions/3.11/lib/python3.11/site-packages/behave/model.py\", line 1329, in run\n    match.run(runner.context)\n  File \"/Library/Frameworks/Python.framework/Versions/3.11/lib/python3.11/site-packages/behave/matchers.py\", line 98, in run\n    self.func(context, *args, **kwargs)\n  File \"features/steps/login_steps.py\", line 69, in invalid_login_data\n    context.login_page.login(\"dhivyainbox@gmail.com\", \"$Floering\")\n  File \"/Users/dhiviya/Documents/BEHAVE/BDD_POM_ZEN_Task18/pages/login_page.py\", line 43, in login\n    self.find_element(self.DASHBOARD)\n  File \"/Users/dhiviya/Documents/BEHAVE/BDD_POM_ZEN_Task18/pages/base_page.py\", line 22, in find_element\n    return WebDriverWait(self.driver, timeout).until(EC.visibility_of_element_located(locator))\n           ^^^^^^^^^^^^^^^^^^^^^^^^^^^^^^^^^^^^^^^^^^^^^^^^^^^^^^^^^^^^^^^^^^^^^^^^^^^^^^^^^^^^\n  File \"/Library/Frameworks/Python.framework/Versions/3.11/lib/python3.11/site-packages/selenium/webdriver/support/wait.py\", line 146, in until\n    raise TimeoutException(message, screen, stacktrace)\n"}, "start": 1757315042907, "stop": 1757315048284}, {"name": "Then I should remain on the login page", "status": "skipped", "start": 1757315048285, "stop": 1757315048285}], "start": 1757315041164, "stop": 1757315048285, "uuid": "135bb07a-ae07-4d83-bfa8-566f83230607", "historyId": "c7974a9b655773d8d4424d6b8552f2b4", "fullName": "Login functionality of ZEN portal: Unsuccessful login with invalid credentials", "labels": [{"name": "severity", "value": "normal"}, {"name": "feature", "value": "Login functionality of ZEN portal"}, {"name": "framework", "value": "behave"}, {"name": "language", "value": "cpython3"}]}