{"uid":"fbfa6b4a247c51a5","name":"Unsuccessful login with invalid credentials","fullName":"Login functionality of ZEN portal: Unsuccessful login with invalid credentials","historyId":"c7974a9b655773d8d4424d6b8552f2b4","time":{"start":1751526397307,"stop":1751526404124,"duration":6817},"status":"broken","statusMessage":"selenium.common.exceptions.TimeoutException: Message: \nStacktrace:\n0   chromedriver                        0x00000001006bcea4 cxxbridge1$str$ptr + 2722840\n1   chromedriver                        0x00000001006b4dac cxxbridge1$str$ptr + 2689824\n2   chromedriver                        0x00000001002063ec cxxbridge1$string$len + 90648\n3   chromedriver                        0x000000010024d544 cxxbridge1$string$len + 381808\n4   chromedriver                        0x000000010028e934 cxxbridge1$string$len + 649056\n5   chromedriver                        0x0000000100241834 cxxbridge1$string$len + 333408\n6   chromedriver                        0x000000010067ffc0 cxxbridge1$str$ptr + 2473268\n7   chromedriver                        0x000000010068322c cxxbridge1$str$ptr + 2486176\n8   chromedriver                        0x0000000100661a08 cxxbridge1$str$ptr + 2348924\n9   chromedriver                        0x0000000100683ae8 cxxbridge1$str$ptr + 2488412\n10  chromedriver                        0x0000000100652a98 cxxbridge1$str$ptr + 2287628\n11  chromedriver                        0x00000001006a39d8 cxxbridge1$str$ptr + 2619212\n12  chromedriver                        0x00000001006a3b64 cxxbridge1$str$ptr + 2619608\n13  chromedriver                        0x00000001006b49e8 cxxbridge1$str$ptr + 2688860\n14  libsystem_pthread.dylib             0x0000000199a0ec0c _pthread_start + 136\n15  libsystem_pthread.dylib             0x0000000199a09b80 thread_start + 8\n\n","statusTrace":"  File \"/Library/Frameworks/Python.framework/Versions/3.11/lib/python3.11/site-packages/behave/model.py\", line 1329, in run\n    match.run(runner.context)\n  File \"/Library/Frameworks/Python.framework/Versions/3.11/lib/python3.11/site-packages/behave/matchers.py\", line 98, in run\n    self.func(context, *args, **kwargs)\n  File \"features/steps/login_steps.py\", line 69, in invalid_login_data\n    context.login_page.login(\"dhivyainbox@gmail.com\", \"$Floering\")\n  File \"/Users/dhiviya/Documents/BDD_POM_ZEN_Task18/pages/login_page.py\", line 43, in login\n    self.find_element(self.DASHBOARD)\n  File \"/Users/dhiviya/Documents/BDD_POM_ZEN_Task18/pages/base_page.py\", line 22, in find_element\n    return WebDriverWait(self.driver, timeout).until(EC.visibility_of_element_located(locator))\n           ^^^^^^^^^^^^^^^^^^^^^^^^^^^^^^^^^^^^^^^^^^^^^^^^^^^^^^^^^^^^^^^^^^^^^^^^^^^^^^^^^^^^\n  File \"/Library/Frameworks/Python.framework/Versions/3.11/lib/python3.11/site-packages/selenium/webdriver/support/wait.py\", line 146, in until\n    raise TimeoutException(message, screen, stacktrace)\n","flaky":false,"newFailed":false,"newBroken":false,"newPassed":false,"retriesCount":0,"retriesStatusChange":false,"beforeStages":[],"testStage":{"status":"broken","statusMessage":"selenium.common.exceptions.TimeoutException: Message: \nStacktrace:\n0   chromedriver                        0x00000001006bcea4 cxxbridge1$str$ptr + 2722840\n1   chromedriver                        0x00000001006b4dac cxxbridge1$str$ptr + 2689824\n2   chromedriver                        0x00000001002063ec cxxbridge1$string$len + 90648\n3   chromedriver                        0x000000010024d544 cxxbridge1$string$len + 381808\n4   chromedriver                        0x000000010028e934 cxxbridge1$string$len + 649056\n5   chromedriver                        0x0000000100241834 cxxbridge1$string$len + 333408\n6   chromedriver                        0x000000010067ffc0 cxxbridge1$str$ptr + 2473268\n7   chromedriver                        0x000000010068322c cxxbridge1$str$ptr + 2486176\n8   chromedriver                        0x0000000100661a08 cxxbridge1$str$ptr + 2348924\n9   chromedriver                        0x0000000100683ae8 cxxbridge1$str$ptr + 2488412\n10  chromedriver                        0x0000000100652a98 cxxbridge1$str$ptr + 2287628\n11  chromedriver                        0x00000001006a39d8 cxxbridge1$str$ptr + 2619212\n12  chromedriver                        0x00000001006a3b64 cxxbridge1$str$ptr + 2619608\n13  chromedriver                        0x00000001006b49e8 cxxbridge1$str$ptr + 2688860\n14  libsystem_pthread.dylib             0x0000000199a0ec0c _pthread_start + 136\n15  libsystem_pthread.dylib             0x0000000199a09b80 thread_start + 8\n\n","statusTrace":"  File \"/Library/Frameworks/Python.framework/Versions/3.11/lib/python3.11/site-packages/behave/model.py\", line 1329, in run\n    match.run(runner.context)\n  File \"/Library/Frameworks/Python.framework/Versions/3.11/lib/python3.11/site-packages/behave/matchers.py\", line 98, in run\n    self.func(context, *args, **kwargs)\n  File \"features/steps/login_steps.py\", line 69, in invalid_login_data\n    context.login_page.login(\"dhivyainbox@gmail.com\", \"$Floering\")\n  File \"/Users/dhiviya/Documents/BDD_POM_ZEN_Task18/pages/login_page.py\", line 43, in login\n    self.find_element(self.DASHBOARD)\n  File \"/Users/dhiviya/Documents/BDD_POM_ZEN_Task18/pages/base_page.py\", line 22, in find_element\n    return WebDriverWait(self.driver, timeout).until(EC.visibility_of_element_located(locator))\n           ^^^^^^^^^^^^^^^^^^^^^^^^^^^^^^^^^^^^^^^^^^^^^^^^^^^^^^^^^^^^^^^^^^^^^^^^^^^^^^^^^^^^\n  File \"/Library/Frameworks/Python.framework/Versions/3.11/lib/python3.11/site-packages/selenium/webdriver/support/wait.py\", line 146, in until\n    raise TimeoutException(message, screen, stacktrace)\n","steps":[{"name":"Given I am on the login page","time":{"start":1751526397307,"stop":1751526398746,"duration":1439},"status":"passed","steps":[],"attachments":[],"parameters":[],"shouldDisplayMessage":false,"stepsCount":0,"attachmentsCount":0,"hasContent":false,"attachmentStep":false},{"name":"When I enter an invalid username and password","time":{"start":1751526398746,"stop":1751526404123,"duration":5377},"status":"broken","statusMessage":"selenium.common.exceptions.TimeoutException: Message: \nStacktrace:\n0   chromedriver                        0x00000001006bcea4 cxxbridge1$str$ptr + 2722840\n1   chromedriver                        0x00000001006b4dac cxxbridge1$str$ptr + 2689824\n2   chromedriver                        0x00000001002063ec cxxbridge1$string$len + 90648\n3   chromedriver                        0x000000010024d544 cxxbridge1$string$len + 381808\n4   chromedriver                        0x000000010028e934 cxxbridge1$string$len + 649056\n5   chromedriver                        0x0000000100241834 cxxbridge1$string$len + 333408\n6   chromedriver                        0x000000010067ffc0 cxxbridge1$str$ptr + 2473268\n7   chromedriver                        0x000000010068322c cxxbridge1$str$ptr + 2486176\n8   chromedriver                        0x0000000100661a08 cxxbridge1$str$ptr + 2348924\n9   chromedriver                        0x0000000100683ae8 cxxbridge1$str$ptr + 2488412\n10  chromedriver                        0x0000000100652a98 cxxbridge1$str$ptr + 2287628\n11  chromedriver                        0x00000001006a39d8 cxxbridge1$str$ptr + 2619212\n12  chromedriver                        0x00000001006a3b64 cxxbridge1$str$ptr + 2619608\n13  chromedriver                        0x00000001006b49e8 cxxbridge1$str$ptr + 2688860\n14  libsystem_pthread.dylib             0x0000000199a0ec0c _pthread_start + 136\n15  libsystem_pthread.dylib             0x0000000199a09b80 thread_start + 8\n\n","statusTrace":"  File \"/Library/Frameworks/Python.framework/Versions/3.11/lib/python3.11/site-packages/behave/model.py\", line 1329, in run\n    match.run(runner.context)\n  File \"/Library/Frameworks/Python.framework/Versions/3.11/lib/python3.11/site-packages/behave/matchers.py\", line 98, in run\n    self.func(context, *args, **kwargs)\n  File \"features/steps/login_steps.py\", line 69, in invalid_login_data\n    context.login_page.login(\"dhivyainbox@gmail.com\", \"$Floering\")\n  File \"/Users/dhiviya/Documents/BDD_POM_ZEN_Task18/pages/login_page.py\", line 43, in login\n    self.find_element(self.DASHBOARD)\n  File \"/Users/dhiviya/Documents/BDD_POM_ZEN_Task18/pages/base_page.py\", line 22, in find_element\n    return WebDriverWait(self.driver, timeout).until(EC.visibility_of_element_located(locator))\n           ^^^^^^^^^^^^^^^^^^^^^^^^^^^^^^^^^^^^^^^^^^^^^^^^^^^^^^^^^^^^^^^^^^^^^^^^^^^^^^^^^^^^\n  File \"/Library/Frameworks/Python.framework/Versions/3.11/lib/python3.11/site-packages/selenium/webdriver/support/wait.py\", line 146, in until\n    raise TimeoutException(message, screen, stacktrace)\n","steps":[],"attachments":[],"parameters":[],"shouldDisplayMessage":true,"stepsCount":0,"attachmentsCount":0,"hasContent":true,"attachmentStep":false},{"name":"Then I should remain on the login page","time":{"start":1751526404124,"stop":1751526404124,"duration":0},"status":"skipped","steps":[],"attachments":[],"parameters":[],"shouldDisplayMessage":false,"stepsCount":0,"attachmentsCount":0,"hasContent":false,"attachmentStep":false}],"attachments":[],"parameters":[],"shouldDisplayMessage":false,"stepsCount":3,"attachmentsCount":0,"hasContent":true,"attachmentStep":false},"afterStages":[],"labels":[{"name":"severity","value":"normal"},{"name":"feature","value":"Login functionality of ZEN portal"},{"name":"framework","value":"behave"},{"name":"language","value":"cpython3"},{"name":"resultFormat","value":"allure2"}],"parameters":[],"links":[],"hidden":false,"retry":false,"extra":{"severity":"normal","retries":[],"categories":[{"name":"Test defects","matchedStatuses":[]}],"tags":[]},"source":"fbfa6b4a247c51a5.json","parameterValues":[]}